<?xml version="1.0" encoding="UTF-8" ?> 
<testsuites id="id" name="result name" tests="1" failures="1" errors="" time="10">
    <testsuite id="codereview.cobol.analysisProvider" name="suite name" tests="1" failures="1" time="10">
        <testcase id="codereview.cobol.rules.ProgramIdRule" name="Use a program name that matches the source file name" time="10">
            <failure message="PROGRAM.cbl:2 Use a program name that matches the source file name" type="WARNING">
                Some Text
            </failure>
        </testcase>
    </testsuite>
</testsuites>