<?xml version="1.0" encoding="utf-8"?>
<TestRun id="edadbab0-d3e9-4a9a-82bb-36528e07136e" name="bryan.b.cook@COMPUTER 2025-11-14 15:31:44" runUser="CORP\bryan.b.cook" xmlns="http://microsoft.com/schemas/VisualStudio/TeamTest/2010">
  <Times creation="2025-11-14T15:31:44.6415421-05:00" queuing="2025-11-14T15:31:44.6415425-05:00" start="2025-11-14T15:31:43.7545291-05:00" finish="2025-11-14T15:31:44.6420634-05:00" />
  <TestSettings name="default" id="56314cbf-4290-4931-b684-c8b5878512f8">
    <Deployment runDeploymentRoot="bryan.b.cook_COMPUTER_2025-11-14_15_31_44" />
  </TestSettings>
  <TestLists>
    <TestList name="Results Not in a List" id="8c84fa94-04c1-424b-9868-57a2d4851a1d" />
    <TestList name="All Loaded Results" id="19431567-8539-422a-85d7-44ee4e166bda" />
  </TestLists>
  <ResultSummary outcome="Completed">
    <Counters total="0" executed="0" passed="0" failed="0" error="0" timeout="0" aborted="0" inconclusive="0" passedButRunAborted="0" notRunnable="0" notExecuted="0" disconnected="0" warning="0" completed="0" inProgress="0" pending="0" />
    <Output>
      <StdOut>[xUnit.net 00:00:00.00] xUnit.net VSTest Adapter v2.8.2+699d445a1a (64-bit .NET 9.0.5)&#xD;
[xUnit.net 00:00:00.07]   Discovering: emptytest&#xD;
[xUnit.net 00:00:00.08]   Discovered:  emptytest&#xD;
</StdOut>
    </Output>
    <RunInfos>
      <RunInfo computerName="COMPUTER" outcome="Warning" timestamp="2025-11-14T15:31:44.5718952-05:00">
        <Text>No test is available in C:\dev\code\_Personal\emptytest\bin\Debug\net9.0\emptytest.dll. Make sure that test discoverer &amp; executors are registered and platform &amp; framework version settings are appropriate and try again.</Text>
      </RunInfo>
    </RunInfos>
  </ResultSummary>
</TestRun>